  main.cpp
D:\Faks\Grafika\3D projekat\Teksture\main.cpp(953,27): warning C4305: 'argument': truncation from 'double' to 'GLclampf'
D:\Faks\Grafika\3D projekat\Teksture\main.cpp(953,22): warning C4305: 'argument': truncation from 'double' to 'GLclampf'
D:\Faks\Grafika\3D projekat\Teksture\main.cpp(1077,89): warning C4267: 'argument': conversion from 'size_t' to 'GLsizei', possible loss of data
D:\Faks\Grafika\3D projekat\Teksture\main.cpp(1153,36): warning C4018: '<': signed/unsigned mismatch
D:\Faks\Grafika\3D projekat\Teksture\main.cpp(1233,59): warning C4267: 'argument': conversion from 'size_t' to 'GLsizei', possible loss of data
D:\Faks\Grafika\3D projekat\Teksture\main.cpp(1423,18): warning C4244: 'initializing': conversion from 'double' to 'float', possible loss of data
D:\Faks\Grafika\3D projekat\Teksture\main.cpp(1683,43): warning C4244: '-=': conversion from 'double' to 'T', possible loss of data
D:\Faks\Grafika\3D projekat\Teksture\main.cpp(1683,43): warning C4244:         with
D:\Faks\Grafika\3D projekat\Teksture\main.cpp(1683,43): warning C4244:         [
D:\Faks\Grafika\3D projekat\Teksture\main.cpp(1683,43): warning C4244:             T=float
D:\Faks\Grafika\3D projekat\Teksture\main.cpp(1683,43): warning C4244:         ]
D:\Faks\Grafika\3D projekat\Teksture\main.cpp(1713,22): warning C4305: '+=': truncation from 'double' to 'float'
D:\Faks\Grafika\3D projekat\Teksture\main.cpp(1834,27): warning C4305: '+=': truncation from 'double' to 'float'
D:\Faks\Grafika\3D projekat\Teksture\main.cpp(2344,55): warning C4267: 'argument': conversion from 'size_t' to 'GLsizei', possible loss of data
D:\Faks\Grafika\3D projekat\Teksture\main.cpp(2421,55): warning C4267: 'argument': conversion from 'size_t' to 'GLsizei', possible loss of data
D:\Faks\Grafika\3D projekat\Teksture\main.cpp(2469,32): warning C4018: '<': signed/unsigned mismatch
D:\Faks\Grafika\3D projekat\Teksture\main.cpp(2496,61): warning C4267: 'argument': conversion from 'size_t' to 'GLsizei', possible loss of data
D:\Faks\Grafika\3D projekat\Teksture\main.cpp(2546,57): warning C4267: 'argument': conversion from 'size_t' to 'GLsizei', possible loss of data
D:\Faks\Grafika\3D projekat\Teksture\main.cpp(2637,57): warning C4267: 'argument': conversion from 'size_t' to 'GLsizei', possible loss of data
D:\Faks\Grafika\3D projekat\Teksture\main.cpp(2736,55): warning C4244: '=': conversion from 'double' to 'float', possible loss of data
D:\Faks\Grafika\3D projekat\Teksture\main.cpp(2759,62): warning C4244: '+=': conversion from 'double' to 'T', possible loss of data
D:\Faks\Grafika\3D projekat\Teksture\main.cpp(2759,62): warning C4244:         with
D:\Faks\Grafika\3D projekat\Teksture\main.cpp(2759,62): warning C4244:         [
D:\Faks\Grafika\3D projekat\Teksture\main.cpp(2759,62): warning C4244:             T=float
D:\Faks\Grafika\3D projekat\Teksture\main.cpp(2759,62): warning C4244:         ]
D:\Faks\Grafika\3D projekat\Teksture\main.cpp(2821,60): warning C4244: '=': conversion from 'double' to 'float', possible loss of data
D:\Faks\Grafika\3D projekat\Teksture\main.cpp(2896,70): warning C4244: 'argument': conversion from 'double' to 'T', possible loss of data
D:\Faks\Grafika\3D projekat\Teksture\main.cpp(2896,70): warning C4244:         with
D:\Faks\Grafika\3D projekat\Teksture\main.cpp(2896,70): warning C4244:         [
D:\Faks\Grafika\3D projekat\Teksture\main.cpp(2896,70): warning C4244:             T=float
D:\Faks\Grafika\3D projekat\Teksture\main.cpp(2896,70): warning C4244:         ]
D:\Faks\Grafika\3D projekat\Teksture\main.cpp(2905,68): warning C4267: 'argument': conversion from 'size_t' to 'GLsizei', possible loss of data
  Sablon.vcxproj -> D:\Faks\Grafika\3D projekat\Teksture\x64\Debug\Sablon.exe
